\BOOKMARK [1][-]{section.1}{Data Storage}{}% 1
\BOOKMARK [2][-]{subsection.1.1}{Overview}{section.1}% 2
\BOOKMARK [2][-]{subsection.1.2}{Criteria}{section.1}% 3
\BOOKMARK [2][-]{subsection.1.3}{Potential Choices}{section.1}% 4
\BOOKMARK [3][-]{subsubsection.1.3.1}{PostGreSQL}{subsection.1.3}% 5
\BOOKMARK [3][-]{subsubsection.1.3.2}{Python ORM}{subsection.1.3}% 6
\BOOKMARK [3][-]{subsubsection.1.3.3}{MongoDB}{subsection.1.3}% 7
\BOOKMARK [2][-]{subsection.1.4}{Discussion}{section.1}% 8
\BOOKMARK [2][-]{subsection.1.5}{Conclusion}{section.1}% 9
\BOOKMARK [1][-]{section.2}{HTTP Request FrameWork}{}% 10
\BOOKMARK [2][-]{subsection.2.1}{Overview}{section.2}% 11
\BOOKMARK [2][-]{subsection.2.2}{Criteria}{section.2}% 12
\BOOKMARK [2][-]{subsection.2.3}{Potential Choices}{section.2}% 13
\BOOKMARK [3][-]{subsubsection.2.3.1}{Ajax}{subsection.2.3}% 14
\BOOKMARK [3][-]{subsubsection.2.3.2}{XML Http Request}{subsection.2.3}% 15
\BOOKMARK [3][-]{subsubsection.2.3.3}{choice 3}{subsection.2.3}% 16
\BOOKMARK [2][-]{subsection.2.4}{Discussion}{section.2}% 17
\BOOKMARK [2][-]{subsection.2.5}{Conclusion}{section.2}% 18
\BOOKMARK [1][-]{section.3}{Testing Frame Work}{}% 19
\BOOKMARK [2][-]{subsection.3.1}{Overview}{section.3}% 20
\BOOKMARK [2][-]{subsection.3.2}{Criteria}{section.3}% 21
\BOOKMARK [2][-]{subsection.3.3}{Potential Choices}{section.3}% 22
\BOOKMARK [3][-]{subsubsection.3.3.1}{Choice 1}{subsection.3.3}% 23
\BOOKMARK [3][-]{subsubsection.3.3.2}{Choice 2}{subsection.3.3}% 24
\BOOKMARK [3][-]{subsubsection.3.3.3}{choice 3}{subsection.3.3}% 25
\BOOKMARK [2][-]{subsection.3.4}{Discussion}{section.3}% 26
\BOOKMARK [2][-]{subsection.3.5}{Conclusion}{section.3}% 27
\BOOKMARK [1][-]{section.4}{References}{}% 28
