This is pdfTeX, Version 3.1415926-2.5-1.40.14 (TeX Live 2013) (format=latex 2016.3.18)  1 DEC 2017 22:39
entering extended mode
 restricted \write18 enabled.
 %&-line parsing enabled.
**AgBizClimateDesignDoc
(./AgBizClimateDesignDoc.tex
LaTeX2e <2011/06/27>
Babel <v3.8m> and hyphenation patterns for english, dumylang, nohyphenation, lo
aded.
(/usr/share/texlive/texmf-dist/tex/latex/base/article.cls
Document Class: article 2007/10/19 v1.4h Standard LaTeX document class
(/usr/share/texlive/texmf-dist/tex/latex/base/size10.clo
File: size10.clo 2007/10/19 v1.4h Standard LaTeX file (size option)
)
\c@part=\count79
\c@section=\count80
\c@subsection=\count81
\c@subsubsection=\count82
\c@paragraph=\count83
\c@subparagraph=\count84
\c@figure=\count85
\c@table=\count86
\abovecaptionskip=\skip41
\belowcaptionskip=\skip42
\bibindent=\dimen102
)
(/usr/share/texlive/texmf-dist/tex/latex/graphics/graphicx.sty
Package: graphicx 1999/02/16 v1.0f Enhanced LaTeX Graphics (DPC,SPQR)

(/usr/share/texlive/texmf-dist/tex/latex/graphics/keyval.sty
Package: keyval 1999/03/16 v1.13 key=value parser (DPC)
\KV@toks@=\toks14
)
(/usr/share/texlive/texmf-dist/tex/latex/graphics/graphics.sty
Package: graphics 2009/02/05 v1.0o Standard LaTeX Graphics (DPC,SPQR)

(/usr/share/texlive/texmf-dist/tex/latex/graphics/trig.sty
Package: trig 1999/03/16 v1.09 sin cos tan (DPC)
)
(/usr/share/texlive/texmf-dist/tex/latex/latexconfig/graphics.cfg
File: graphics.cfg 2010/04/23 v1.9 graphics configuration of TeX Live
)
Package graphics Info: Driver file: dvips.def on input line 91.

(/usr/share/texlive/texmf-dist/tex/latex/graphics/dvips.def
File: dvips.def 1999/02/16 v3.0i Driver-dependant file (DPC,SPQR)
))
\Gin@req@height=\dimen103
\Gin@req@width=\dimen104
)
(/usr/share/texlive/texmf-dist/tex/latex/url/url.sty
\Urlmuskip=\muskip10
Package: url 2006/04/12  ver 3.3  Verb mode for urls, etc.
)
(/usr/share/texlive/texmf-dist/tex/latex/graphics/lscape.sty
Package: lscape 2000/10/22 v3.01 Landscape Pages (DPC)
)
(/usr/share/texlive/texmf-dist/tex/latex/setspace/setspace.sty
Package: setspace 2011/12/19 v6.7a set line spacing
)
(/usr/share/texlive/texmf-dist/tex/latex/parskip/parskip.sty
Package: parskip 2001/04/09 non-zero parskip adjustments
)
(/usr/share/texlive/texmf-dist/tex/latex/geometry/geometry.sty
Package: geometry 2010/09/12 v5.6 Page Geometry

(/usr/share/texlive/texmf-dist/tex/generic/oberdiek/ifpdf.sty
Package: ifpdf 2011/01/30 v2.3 Provides the ifpdf switch (HO)
Package ifpdf Info: pdfTeX in PDF mode is not detected.
)
(/usr/share/texlive/texmf-dist/tex/generic/oberdiek/ifvtex.sty
Package: ifvtex 2010/03/01 v1.5 Detect VTeX and its facilities (HO)
Package ifvtex Info: VTeX not detected.
)
(/usr/share/texlive/texmf-dist/tex/generic/ifxetex/ifxetex.sty
Package: ifxetex 2010/09/12 v0.6 Provides ifxetex conditional
)
\Gm@cnth=\count87
\Gm@cntv=\count88
\c@Gm@tempcnt=\count89
\Gm@bindingoffset=\dimen105
\Gm@wd@mp=\dimen106
\Gm@odd@mp=\dimen107
\Gm@even@mp=\dimen108
\Gm@layoutwidth=\dimen109
\Gm@layoutheight=\dimen110
\Gm@layouthoffset=\dimen111
\Gm@layoutvoffset=\dimen112
\Gm@dimlist=\toks15
)

LaTeX Warning: Unused global option(s):
    [draftclsnofoot,compsoc].

(./AgBizClimateDesignDoc.aux)
\openout1 = `AgBizClimateDesignDoc.aux'.

LaTeX Font Info:    Checking defaults for OML/cmm/m/it on input line 38.
LaTeX Font Info:    ... okay on input line 38.
LaTeX Font Info:    Checking defaults for T1/cmr/m/n on input line 38.
LaTeX Font Info:    ... okay on input line 38.
LaTeX Font Info:    Checking defaults for OT1/cmr/m/n on input line 38.
LaTeX Font Info:    ... okay on input line 38.
LaTeX Font Info:    Checking defaults for OMS/cmsy/m/n on input line 38.
LaTeX Font Info:    ... okay on input line 38.
LaTeX Font Info:    Checking defaults for OMX/cmex/m/n on input line 38.
LaTeX Font Info:    ... okay on input line 38.
LaTeX Font Info:    Checking defaults for U/cmr/m/n on input line 38.
LaTeX Font Info:    ... okay on input line 38.

*geometry* driver: auto-detecting
*geometry* detected driver: dvips
*geometry* verbose mode - [ preamble ] result:
* driver: dvips
* paper: <default>
* layout: <same size as paper>
* layoutoffset:(h,v)=(0.0pt,0.0pt)
* modes: 
* h-part:(L,W,R)=(54.2025pt, 505.89pt, 54.2025pt)
* v-part:(T,H,B)=(43.362pt, 686.56499pt, 65.043pt)
* \paperwidth=614.295pt
* \paperheight=794.96999pt
* \textwidth=505.89pt
* \textheight=686.56499pt
* \oddsidemargin=-18.06749pt
* \evensidemargin=-18.06749pt
* \topmargin=-65.90799pt
* \headheight=12.0pt
* \headsep=25.0pt
* \topskip=10.0pt
* \footskip=30.0pt
* \marginparwidth=65.0pt
* \marginparsep=11.0pt
* \columnsep=10.0pt
* \skip\footins=9.0pt plus 4.0pt minus 2.0pt
* \hoffset=0.0pt
* \voffset=0.0pt
* \mag=1000
* \@twocolumnfalse
* \@twosidefalse
* \@mparswitchfalse
* \@reversemarginfalse
* (1in=72.27pt=25.4mm, 1cm=28.453pt)


LaTeX Font Warning: Font shape `OT1/cmr/bx/sc' undefined
(Font)              using `OT1/cmr/bx/n' instead on input line 51.

LaTeX Font Info:    External font `cmex10' loaded for size
(Font)              <24.88> on input line 51.
LaTeX Font Info:    External font `cmex10' loaded for size
(Font)              <20.74> on input line 51.
LaTeX Font Info:    External font `cmex10' loaded for size
(Font)              <17.28> on input line 51.
LaTeX Font Info:    External font `cmex10' loaded for size
(Font)              <9> on input line 71.
LaTeX Font Info:    External font `cmex10' loaded for size
(Font)              <6> on input line 71.
LaTeX Font Info:    External font `cmex10' loaded for size
(Font)              <5> on input line 71.
[1

] (./AgBizClimateDesignDoc.toc
LaTeX Font Info:    External font `cmex10' loaded for size
(Font)              <7> on input line 2.
 [1])
\tf@toc=\write3
\openout3 = `AgBizClimateDesignDoc.toc'.

 (./AgBizClimateDesignDoc.lof)
\tf@lof=\write4
\openout4 = `AgBizClimateDesignDoc.lof'.

 [2]
Underfull \hbox (badness 10000) in paragraph at lines 92--93

 []


Underfull \hbox (badness 10000) in paragraph at lines 95--96

 []


Underfull \hbox (badness 10000) in paragraph at lines 97--98

 []

(./AgBizClimateDesignDoc.bbl [3

])
Underfull \hbox (badness 10000) in paragraph at lines 119--120

 []


Underfull \hbox (badness 10000) in paragraph at lines 122--123

 []

Missing character: There is no â in font cmr10!
Missing character: There is no € in font cmr10!
Missing character: There is no ™ in font cmr10!

Underfull \hbox (badness 10000) in paragraph at lines 125--126

 []


Underfull \hbox (badness 10000) in paragraph at lines 128--129

 []

[4]
Underfull \hbox (badness 10000) in paragraph at lines 133--134

 []

File: UMLDiagrams/ArchitectureDesign.eps Graphic file (type eps)
<UMLDiagrams/ArchitectureDesign.eps>
Underfull \hbox (badness 10000) in paragraph at lines 146--147

 []


Underfull \hbox (badness 10000) in paragraph at lines 149--150

 []

[5]
Underfull \hbox (badness 10000) in paragraph at lines 152--153

 []


Underfull \hbox (badness 10000) in paragraph at lines 155--156

 []


Underfull \hbox (badness 10000) in paragraph at lines 158--159

 []


Underfull \hbox (badness 10000) in paragraph at lines 162--163

 []


Underfull \hbox (badness 10000) in paragraph at lines 165--166

 []


Underfull \hbox (badness 10000) in paragraph at lines 168--173

 []

[6]
Underfull \hbox (badness 10000) in paragraph at lines 179--181

 []

[7]
File: UMLDiagrams/UserData.eps Graphic file (type eps)
 <UMLDiagrams/UserData.eps> [8

]
File: UMLDiagrams/ClimateData.eps Graphic file (type eps)
 <UMLDiagrams/ClimateData.eps>
Underfull \hbox (badness 10000) in paragraph at lines 203--204

 []


Underfull \hbox (badness 10000) in paragraph at lines 205--206

 []


Underfull \hbox (badness 10000) in paragraph at lines 207--209

 []


Underfull \hbox (badness 10000) in paragraph at lines 210--211

 []


Underfull \hbox (badness 10000) in paragraph at lines 214--215

 []


Underfull \hbox (badness 10000) in paragraph at lines 216--217

 []

[9

]
Underfull \hbox (badness 10000) in paragraph at lines 218--219

 []


Underfull \hbox (badness 10000) in paragraph at lines 220--221

 []


Underfull \hbox (badness 10000) in paragraph at lines 222--223

 []


Underfull \hbox (badness 10000) in paragraph at lines 224--225

 []


Underfull \hbox (badness 10000) in paragraph at lines 227--229

 []


Underfull \hbox (badness 10000) in paragraph at lines 230--231

 []


Underfull \hbox (badness 10000) in paragraph at lines 232--233

 []


Underfull \hbox (badness 10000) in paragraph at lines 234--235

 []


Underfull \hbox (badness 10000) in paragraph at lines 236--237

 []


Underfull \hbox (badness 10000) in paragraph at lines 238--239

 []


Underfull \hbox (badness 10000) in paragraph at lines 240--241

 []


Underfull \hbox (badness 10000) in paragraph at lines 242--243

 []


Underfull \hbox (badness 10000) in paragraph at lines 244--245

 []


Underfull \hbox (badness 10000) in paragraph at lines 246--247

 []


Underfull \hbox (badness 10000) in paragraph at lines 248--249

 []


Underfull \hbox (badness 10000) in paragraph at lines 250--251

 []


Underfull \hbox (badness 10000) in paragraph at lines 252--253

 []

[10]
Underfull \hbox (badness 10000) in paragraph at lines 254--255

 []


Underfull \hbox (badness 10000) in paragraph at lines 256--257

 []


Underfull \hbox (badness 10000) in paragraph at lines 258--259

 []


Underfull \hbox (badness 10000) in paragraph at lines 260--261

 []


Underfull \hbox (badness 10000) in paragraph at lines 262--263

 []


Underfull \hbox (badness 10000) in paragraph at lines 264--265

 []


Underfull \hbox (badness 10000) in paragraph at lines 266--267

 []


Underfull \hbox (badness 10000) in paragraph at lines 268--269

 []


Underfull \hbox (badness 10000) in paragraph at lines 270--271

 []


Underfull \hbox (badness 10000) in paragraph at lines 272--273

 []


Underfull \hbox (badness 10000) in paragraph at lines 274--275

 []


Underfull \hbox (badness 10000) in paragraph at lines 276--277

 []


Underfull \hbox (badness 10000) in paragraph at lines 279--280

 []


Underfull \hbox (badness 10000) in paragraph at lines 281--282

 []


Underfull \hbox (badness 10000) in paragraph at lines 283--284

 []


Underfull \hbox (badness 10000) in paragraph at lines 285--286

 []


Underfull \hbox (badness 10000) in paragraph at lines 289--290

 []


Underfull \hbox (badness 10000) in paragraph at lines 291--292

 []

[11]
Underfull \hbox (badness 10000) in paragraph at lines 293--294

 []


Underfull \hbox (badness 10000) in paragraph at lines 295--296

 []


Underfull \hbox (badness 10000) in paragraph at lines 297--298

 []


Underfull \hbox (badness 10000) in paragraph at lines 299--300

 []


Underfull \hbox (badness 10000) in paragraph at lines 301--302

 []


Underfull \hbox (badness 10000) in paragraph at lines 303--304

 []


Underfull \hbox (badness 10000) in paragraph at lines 305--306

 []


Underfull \hbox (badness 10000) in paragraph at lines 308--309

 []


Underfull \hbox (badness 10000) in paragraph at lines 310--311

 []


Underfull \hbox (badness 10000) in paragraph at lines 312--313

 []


Underfull \hbox (badness 10000) in paragraph at lines 314--315

 []


Underfull \hbox (badness 10000) in paragraph at lines 316--317

 []


Underfull \hbox (badness 10000) in paragraph at lines 320--321

 []


Underfull \hbox (badness 10000) in paragraph at lines 322--323

 []


Underfull \hbox (badness 10000) in paragraph at lines 324--325

 []


Underfull \hbox (badness 10000) in paragraph at lines 326--327

 []


Underfull \hbox (badness 10000) in paragraph at lines 328--329

 []


Underfull \hbox (badness 10000) in paragraph at lines 330--331

 []


Underfull \hbox (badness 10000) in paragraph at lines 332--333

 []

[12]
Underfull \hbox (badness 10000) in paragraph at lines 335--336

 []


Underfull \hbox (badness 10000) in paragraph at lines 337--338

 []


Underfull \hbox (badness 10000) in paragraph at lines 339--340

 []


Underfull \hbox (badness 10000) in paragraph at lines 341--342

 []


Underfull \hbox (badness 10000) in paragraph at lines 343--344

 []


Underfull \hbox (badness 10000) in paragraph at lines 345--346

 []


Underfull \hbox (badness 10000) in paragraph at lines 347--348

 []


Underfull \hbox (badness 10000) in paragraph at lines 350--351

 []


Underfull \hbox (badness 10000) in paragraph at lines 352--353

 []


Underfull \hbox (badness 10000) in paragraph at lines 354--355

 []


Underfull \hbox (badness 10000) in paragraph at lines 356--357

 []


Underfull \hbox (badness 10000) in paragraph at lines 358--359

 []


Underfull \hbox (badness 10000) in paragraph at lines 360--361

 []


Underfull \hbox (badness 10000) in paragraph at lines 362--363

 []


Underfull \hbox (badness 10000) in paragraph at lines 364--365

 []

[13]
Underfull \hbox (badness 10000) in paragraph at lines 366--367

 []


Underfull \hbox (badness 10000) in paragraph at lines 368--369

 []


Underfull \hbox (badness 10000) in paragraph at lines 371--372

 []


Underfull \hbox (badness 10000) in paragraph at lines 373--374

 []


Underfull \hbox (badness 10000) in paragraph at lines 375--376

 []


Underfull \hbox (badness 10000) in paragraph at lines 377--378

 []


Underfull \hbox (badness 10000) in paragraph at lines 379--380

 []


Underfull \hbox (badness 10000) in paragraph at lines 381--382

 []


Underfull \hbox (badness 10000) in paragraph at lines 383--384

 []


Underfull \hbox (badness 10000) in paragraph at lines 385--386

 []


Underfull \hbox (badness 10000) in paragraph at lines 387--388

 []


Underfull \hbox (badness 10000) in paragraph at lines 390--391

 []


Underfull \hbox (badness 10000) in paragraph at lines 392--393

 []


Underfull \hbox (badness 10000) in paragraph at lines 394--395

 []


Underfull \hbox (badness 10000) in paragraph at lines 396--397

 []


Underfull \hbox (badness 10000) in paragraph at lines 398--399

 []


Underfull \hbox (badness 10000) in paragraph at lines 401--402

 []

[14]
Underfull \hbox (badness 10000) in paragraph at lines 403--404

 []


Underfull \hbox (badness 10000) in paragraph at lines 405--406

 []


Underfull \hbox (badness 10000) in paragraph at lines 409--410

 []


Underfull \hbox (badness 10000) in paragraph at lines 418--419

 []


Underfull \hbox (badness 10000) in paragraph at lines 420--421

 []

[15]
File: UMLDiagrams/angularComponents.eps Graphic file (type eps)
 <UMLDiagrams/angularComponents.eps>
Overfull \hbox (28.27205pt too wide) in paragraph at lines 432--433
\OT1/cmr/m/n/10 The land-ing page has three an-gu-lar com-po-nents: cre-ate[]ne
w[]short[]term, cre-ate[]new[]long[]term, and cli-mate[]scenario[]viewer.
 []


Underfull \hbox (badness 10000) in paragraph at lines 432--433

 []


Underfull \hbox (badness 10000) in paragraph at lines 435--436

 []


Underfull \hbox (badness 10000) in paragraph at lines 438--439

 []

[16

]
Underfull \hbox (badness 10000) in paragraph at lines 441--442

 []


Underfull \hbox (badness 10000) in paragraph at lines 444--445

 []


Underfull \hbox (badness 10000) in paragraph at lines 449--450

 []


Underfull \hbox (badness 10000) in paragraph at lines 451--452

 []

[17]
File: UMLDiagrams/Controller.eps Graphic file (type eps)
 <UMLDiagrams/Controller.eps>
Underfull \hbox (badness 10000) in paragraph at lines 461--462

 []

File: UMLDiagrams/TopController.eps Graphic file (type eps)
<UMLDiagrams/TopController.eps>
Underfull \hbox (badness 10000) in paragraph at lines 474--475

 []

[18]
Underfull \hbox (badness 10000) in paragraph at lines 477--478

 []

[19]
File: UMLDiagrams/ClimateAPI.eps Graphic file (type eps)
 <UMLDiagrams/ClimateAPI.eps> [20

]
File: UMLDiagrams/ClimateDataAPITransaction.eps Graphic file (type eps)

<UMLDiagrams/ClimateDataAPITransaction.eps>
Underfull \hbox (badness 10000) in paragraph at lines 504--505

 []

LaTeX Font Info:    Try loading font information for OMS+cmr on input line 505.

(/usr/share/texlive/texmf-dist/tex/latex/base/omscmr.fd
File: omscmr.fd 1999/05/25 v2.5h Standard LaTeX font definitions
)
LaTeX Font Info:    Font shape `OMS/cmr/bx/n' in size <10> not available
(Font)              Font shape `OMS/cmsy/b/n' tried instead on input line 505.

Underfull \hbox (badness 10000) in paragraph at lines 505--506

 []


Underfull \hbox (badness 10000) in paragraph at lines 509--510

 []


Underfull \hbox (badness 10000) in paragraph at lines 510--511

 []

[21

]
Underfull \hbox (badness 10000) in paragraph at lines 511--512

 []


Underfull \hbox (badness 10000) in paragraph at lines 514--515

 []


Underfull \hbox (badness 10000) in paragraph at lines 519--520

 []


Underfull \hbox (badness 10000) in paragraph at lines 521--522

 []


Underfull \hbox (badness 10000) in paragraph at lines 526--527

 []


Underfull \hbox (badness 10000) in paragraph at lines 527--528

 []


Underfull \hbox (badness 10000) in paragraph at lines 531--532

 []


Underfull \hbox (badness 10000) in paragraph at lines 534--535

 []


Underfull \hbox (badness 10000) in paragraph at lines 536--540

 []

[22]
Underfull \hbox (badness 10000) in paragraph at lines 542--543

 []


Underfull \hbox (badness 10000) in paragraph at lines 545--546

 []


Underfull \hbox (badness 10000) in paragraph at lines 548--551

 []


Underfull \hbox (badness 10000) in paragraph at lines 553--554

 []


Underfull \hbox (badness 10000) in paragraph at lines 557--558

 []


Underfull \hbox (badness 10000) in paragraph at lines 559--561

 []


Underfull \hbox (badness 10000) in paragraph at lines 561--563

 []


Underfull \hbox (badness 10000) in paragraph at lines 563--565

 []

[23]
Underfull \hbox (badness 10000) in paragraph at lines 575--576

 []


Underfull \hbox (badness 10000) in paragraph at lines 578--581

 []


Underfull \hbox (badness 10000) in paragraph at lines 584--585

 []

File: Figures/LandingPage.eps Graphic file (type eps)
<Figures/LandingPage.eps> [24] [25]
File: Figures/ClimateScenario.eps Graphic file (type eps)
 <Figures/ClimateScenario.eps> [26

]
File: Figures/SelectStateAndCounty.eps Graphic file (type eps)

<Figures/SelectStateAndCounty.eps> [27

]
File: Figures/ChartPage.eps Graphic file (type eps)
 <Figures/ChartPage.eps> [28

]
File: Figures/BudgetReivew.eps Graphic file (type eps)

<Figures/BudgetReivew.eps>
Underfull \hbox (badness 10000) in paragraph at lines 628--629

 []

[29

] [30]
Underfull \hbox (badness 10000) in paragraph at lines 642--643

 []

File: Figures/RequirementsMatrix.eps Graphic file (type eps)
<Figures/RequirementsMatrix.eps> [31

] (./AgBizClimateDesignDoc.aux)

LaTeX Font Warning: Some font shapes were not available, defaults substituted.

 ) 
Here is how much of TeX's memory you used:
 1292 strings out of 495064
 18072 string characters out of 3182224
 78231 words of memory out of 3000000
 4469 multiletter control sequences out of 15000+200000
 14057 words of font info for 48 fonts, out of 3000000 for 9000
 14 hyphenation exceptions out of 8191
 25i,5n,21p,1509b,278s stack positions out of 5000i,500n,10000p,200000b,50000s

Output written on AgBizClimateDesignDoc.dvi (32 pages, 108780 bytes).
